{"C:\\Users\\jonas\\Desktop\\fc-ddd-patterns\\src\\domain\\checkout\\entity\\order.ts": {"path":"C:\\Users\\jonas\\Desktop\\fc-ddd-patterns\\src\\domain\\checkout\\entity\\order.ts","statementMap":{"0":{"start":{"line":2,"column":21},"end":{"line":2,"column":null}},"1":{"start":{"line":9,"column":4},"end":{"line":9,"column":null}},"2":{"start":{"line":10,"column":4},"end":{"line":10,"column":null}},"3":{"start":{"line":11,"column":4},"end":{"line":11,"column":null}},"4":{"start":{"line":12,"column":4},"end":{"line":12,"column":null}},"5":{"start":{"line":13,"column":4},"end":{"line":13,"column":null}},"6":{"start":{"line":17,"column":4},"end":{"line":17,"column":null}},"7":{"start":{"line":21,"column":4},"end":{"line":21,"column":null}},"8":{"start":{"line":25,"column":4},"end":{"line":25,"column":null}},"9":{"start":{"line":29,"column":2},"end":{"line":29,"column":null}},"10":{"start":{"line":30,"column":2},"end":{"line":30,"column":null}},"11":{"start":{"line":35,"column":4},"end":{"line":37,"column":null}},"12":{"start":{"line":36,"column":6},"end":{"line":36,"column":null}},"13":{"start":{"line":38,"column":4},"end":{"line":40,"column":null}},"14":{"start":{"line":39,"column":6},"end":{"line":39,"column":null}},"15":{"start":{"line":41,"column":4},"end":{"line":43,"column":null}},"16":{"start":{"line":42,"column":6},"end":{"line":42,"column":null}},"17":{"start":{"line":45,"column":4},"end":{"line":47,"column":null}},"18":{"start":{"line":45,"column":35},"end":{"line":45,"column":56}},"19":{"start":{"line":46,"column":6},"end":{"line":46,"column":null}},"20":{"start":{"line":49,"column":4},"end":{"line":49,"column":null}},"21":{"start":{"line":53,"column":4},"end":{"line":53,"column":null}},"22":{"start":{"line":53,"column":45},"end":{"line":53,"column":65}}},"fnMap":{"0":{"name":"(anonymous_1)","decl":{"start":{"line":8,"column":2},"end":{"line":8,"column":14}},"loc":{"start":{"line":8,"column":66},"end":{"line":14,"column":null}}},"1":{"name":"(anonymous_2)","decl":{"start":{"line":16,"column":2},"end":{"line":16,"column":6}},"loc":{"start":{"line":16,"column":19},"end":{"line":18,"column":null}}},"2":{"name":"(anonymous_3)","decl":{"start":{"line":20,"column":2},"end":{"line":20,"column":6}},"loc":{"start":{"line":20,"column":27},"end":{"line":22,"column":null}}},"3":{"name":"(anonymous_4)","decl":{"start":{"line":24,"column":2},"end":{"line":24,"column":6}},"loc":{"start":{"line":24,"column":27},"end":{"line":26,"column":null}}},"4":{"name":"(anonymous_5)","decl":{"start":{"line":28,"column":2},"end":{"line":28,"column":10}},"loc":{"start":{"line":28,"column":27},"end":{"line":31,"column":null}}},"5":{"name":"(anonymous_6)","decl":{"start":{"line":34,"column":2},"end":{"line":34,"column":22}},"loc":{"start":{"line":34,"column":22},"end":{"line":50,"column":null}}},"6":{"name":"(anonymous_7)","decl":{"start":{"line":45,"column":25},"end":{"line":45,"column":26}},"loc":{"start":{"line":45,"column":35},"end":{"line":45,"column":56}}},"7":{"name":"(anonymous_8)","decl":{"start":{"line":52,"column":2},"end":{"line":52,"column":18}},"loc":{"start":{"line":52,"column":18},"end":{"line":54,"column":null}}},"8":{"name":"(anonymous_9)","decl":{"start":{"line":53,"column":30},"end":{"line":53,"column":31}},"loc":{"start":{"line":53,"column":45},"end":{"line":53,"column":65}}}},"branchMap":{"0":{"loc":{"start":{"line":35,"column":4},"end":{"line":37,"column":null}},"type":"if","locations":[{"start":{"line":35,"column":4},"end":{"line":37,"column":null}}]},"1":{"loc":{"start":{"line":38,"column":4},"end":{"line":40,"column":null}},"type":"if","locations":[{"start":{"line":38,"column":4},"end":{"line":40,"column":null}}]},"2":{"loc":{"start":{"line":41,"column":4},"end":{"line":43,"column":null}},"type":"if","locations":[{"start":{"line":41,"column":4},"end":{"line":43,"column":null}}]},"3":{"loc":{"start":{"line":45,"column":4},"end":{"line":47,"column":null}},"type":"if","locations":[{"start":{"line":45,"column":4},"end":{"line":47,"column":null}}]}},"s":{"0":1,"1":1,"2":1,"3":1,"4":1,"5":1,"6":4,"7":2,"8":2,"9":0,"10":0,"11":1,"12":0,"13":1,"14":0,"15":1,"16":0,"17":1,"18":3,"19":0,"20":1,"21":4,"22":12},"f":{"0":1,"1":4,"2":2,"3":2,"4":0,"5":1,"6":3,"7":4,"8":12},"b":{"0":[0],"1":[0],"2":[0],"3":[0]}}
,"C:\\Users\\jonas\\Desktop\\fc-ddd-patterns\\src\\domain\\checkout\\entity\\order_item.ts": {"path":"C:\\Users\\jonas\\Desktop\\fc-ddd-patterns\\src\\domain\\checkout\\entity\\order_item.ts","statementMap":{"0":{"start":{"line":1,"column":21},"end":{"line":1,"column":null}},"1":{"start":{"line":16,"column":4},"end":{"line":16,"column":null}},"2":{"start":{"line":17,"column":4},"end":{"line":17,"column":null}},"3":{"start":{"line":18,"column":4},"end":{"line":18,"column":null}},"4":{"start":{"line":19,"column":4},"end":{"line":19,"column":null}},"5":{"start":{"line":20,"column":4},"end":{"line":20,"column":null}},"6":{"start":{"line":21,"column":4},"end":{"line":21,"column":null}},"7":{"start":{"line":25,"column":4},"end":{"line":25,"column":null}},"8":{"start":{"line":29,"column":4},"end":{"line":29,"column":null}},"9":{"start":{"line":33,"column":4},"end":{"line":33,"column":null}},"10":{"start":{"line":37,"column":4},"end":{"line":37,"column":null}},"11":{"start":{"line":41,"column":4},"end":{"line":41,"column":null}},"12":{"start":{"line":45,"column":4},"end":{"line":45,"column":null}}},"fnMap":{"0":{"name":"(anonymous_1)","decl":{"start":{"line":9,"column":2},"end":{"line":9,"column":null}},"loc":{"start":{"line":15,"column":4},"end":{"line":22,"column":null}}},"1":{"name":"(anonymous_2)","decl":{"start":{"line":24,"column":2},"end":{"line":24,"column":6}},"loc":{"start":{"line":24,"column":19},"end":{"line":26,"column":null}}},"2":{"name":"(anonymous_3)","decl":{"start":{"line":28,"column":2},"end":{"line":28,"column":6}},"loc":{"start":{"line":28,"column":21},"end":{"line":30,"column":null}}},"3":{"name":"(anonymous_4)","decl":{"start":{"line":32,"column":2},"end":{"line":32,"column":6}},"loc":{"start":{"line":32,"column":26},"end":{"line":34,"column":null}}},"4":{"name":"(anonymous_5)","decl":{"start":{"line":36,"column":2},"end":{"line":36,"column":6}},"loc":{"start":{"line":36,"column":25},"end":{"line":38,"column":null}}},"5":{"name":"(anonymous_6)","decl":{"start":{"line":40,"column":2},"end":{"line":40,"column":6}},"loc":{"start":{"line":40,"column":22},"end":{"line":42,"column":null}}},"6":{"name":"(anonymous_7)","decl":{"start":{"line":44,"column":2},"end":{"line":44,"column":18}},"loc":{"start":{"line":44,"column":18},"end":{"line":46,"column":null}}}},"branchMap":{},"s":{"0":3,"1":3,"2":3,"3":3,"4":3,"5":3,"6":3,"7":6,"8":6,"9":6,"10":9,"11":6,"12":15},"f":{"0":3,"1":6,"2":6,"3":6,"4":9,"5":6,"6":15},"b":{}}
,"C:\\Users\\jonas\\Desktop\\fc-ddd-patterns\\src\\domain\\customer\\entity\\customer.ts": {"path":"C:\\Users\\jonas\\Desktop\\fc-ddd-patterns\\src\\domain\\customer\\entity\\customer.ts","statementMap":{"0":{"start":{"line":3,"column":21},"end":{"line":3,"column":null}},"1":{"start":{"line":5,"column":26},"end":{"line":5,"column":29}},"2":{"start":{"line":7,"column":29},"end":{"line":7,"column":35}},"3":{"start":{"line":8,"column":34},"end":{"line":8,"column":36}},"4":{"start":{"line":11,"column":4},"end":{"line":11,"column":null}},"5":{"start":{"line":12,"column":4},"end":{"line":12,"column":null}},"6":{"start":{"line":13,"column":4},"end":{"line":13,"column":null}},"7":{"start":{"line":17,"column":4},"end":{"line":17,"column":null}},"8":{"start":{"line":21,"column":4},"end":{"line":21,"column":null}},"9":{"start":{"line":25,"column":4},"end":{"line":25,"column":null}},"10":{"start":{"line":29,"column":4},"end":{"line":31,"column":null}},"11":{"start":{"line":30,"column":6},"end":{"line":30,"column":null}},"12":{"start":{"line":32,"column":4},"end":{"line":34,"column":null}},"13":{"start":{"line":33,"column":6},"end":{"line":33,"column":null}},"14":{"start":{"line":38,"column":4},"end":{"line":38,"column":null}},"15":{"start":{"line":39,"column":4},"end":{"line":39,"column":null}},"16":{"start":{"line":43,"column":4},"end":{"line":43,"column":null}},"17":{"start":{"line":47,"column":4},"end":{"line":47,"column":null}},"18":{"start":{"line":51,"column":4},"end":{"line":51,"column":null}},"19":{"start":{"line":55,"column":4},"end":{"line":57,"column":null}},"20":{"start":{"line":56,"column":6},"end":{"line":56,"column":null}},"21":{"start":{"line":58,"column":4},"end":{"line":58,"column":null}},"22":{"start":{"line":62,"column":4},"end":{"line":62,"column":null}},"23":{"start":{"line":66,"column":4},"end":{"line":66,"column":null}},"24":{"start":{"line":70,"column":4},"end":{"line":70,"column":null}}},"fnMap":{"0":{"name":"(anonymous_1)","decl":{"start":{"line":10,"column":2},"end":{"line":10,"column":14}},"loc":{"start":{"line":10,"column":40},"end":{"line":14,"column":null}}},"1":{"name":"(anonymous_2)","decl":{"start":{"line":16,"column":2},"end":{"line":16,"column":6}},"loc":{"start":{"line":16,"column":19},"end":{"line":18,"column":null}}},"2":{"name":"(anonymous_3)","decl":{"start":{"line":20,"column":2},"end":{"line":20,"column":6}},"loc":{"start":{"line":20,"column":21},"end":{"line":22,"column":null}}},"3":{"name":"(anonymous_4)","decl":{"start":{"line":24,"column":2},"end":{"line":24,"column":6}},"loc":{"start":{"line":24,"column":29},"end":{"line":26,"column":null}}},"4":{"name":"(anonymous_5)","decl":{"start":{"line":28,"column":2},"end":{"line":28,"column":13}},"loc":{"start":{"line":28,"column":13},"end":{"line":35,"column":null}}},"5":{"name":"(anonymous_6)","decl":{"start":{"line":37,"column":2},"end":{"line":37,"column":13}},"loc":{"start":{"line":37,"column":27},"end":{"line":40,"column":null}}},"6":{"name":"(anonymous_7)","decl":{"start":{"line":42,"column":2},"end":{"line":42,"column":6}},"loc":{"start":{"line":42,"column":25},"end":{"line":44,"column":null}}},"7":{"name":"(anonymous_8)","decl":{"start":{"line":46,"column":2},"end":{"line":46,"column":16}},"loc":{"start":{"line":46,"column":34},"end":{"line":48,"column":null}}},"8":{"name":"(anonymous_9)","decl":{"start":{"line":50,"column":2},"end":{"line":50,"column":22}},"loc":{"start":{"line":50,"column":22},"end":{"line":52,"column":null}}},"9":{"name":"(anonymous_10)","decl":{"start":{"line":54,"column":2},"end":{"line":54,"column":13}},"loc":{"start":{"line":54,"column":13},"end":{"line":59,"column":null}}},"10":{"name":"(anonymous_11)","decl":{"start":{"line":61,"column":2},"end":{"line":61,"column":15}},"loc":{"start":{"line":61,"column":15},"end":{"line":63,"column":null}}},"11":{"name":"(anonymous_12)","decl":{"start":{"line":65,"column":2},"end":{"line":65,"column":18}},"loc":{"start":{"line":65,"column":34},"end":{"line":67,"column":null}}},"12":{"name":"(anonymous_13)","decl":{"start":{"line":69,"column":2},"end":{"line":69,"column":6}},"loc":{"start":{"line":69,"column":32},"end":{"line":71,"column":null}}}},"branchMap":{"0":{"loc":{"start":{"line":29,"column":4},"end":{"line":31,"column":null}},"type":"if","locations":[{"start":{"line":29,"column":4},"end":{"line":31,"column":null}}]},"1":{"loc":{"start":{"line":32,"column":4},"end":{"line":34,"column":null}},"type":"if","locations":[{"start":{"line":32,"column":4},"end":{"line":34,"column":null}}]},"2":{"loc":{"start":{"line":55,"column":4},"end":{"line":57,"column":null}},"type":"if","locations":[{"start":{"line":55,"column":4},"end":{"line":57,"column":null}}]}},"s":{"0":1,"1":1,"2":1,"3":1,"4":1,"5":1,"6":1,"7":2,"8":1,"9":1,"10":1,"11":0,"12":1,"13":0,"14":0,"15":0,"16":4,"17":1,"18":1,"19":0,"20":0,"21":0,"22":0,"23":0,"24":0},"f":{"0":1,"1":2,"2":1,"3":1,"4":1,"5":0,"6":4,"7":1,"8":1,"9":0,"10":0,"11":0,"12":0},"b":{"0":[0],"1":[0],"2":[0]}}
,"C:\\Users\\jonas\\Desktop\\fc-ddd-patterns\\src\\domain\\customer\\value-object\\address.ts": {"path":"C:\\Users\\jonas\\Desktop\\fc-ddd-patterns\\src\\domain\\customer\\value-object\\address.ts","statementMap":{"0":{"start":{"line":1,"column":21},"end":{"line":1,"column":null}},"1":{"start":{"line":2,"column":20},"end":{"line":2,"column":23}},"2":{"start":{"line":3,"column":20},"end":{"line":3,"column":22}},"3":{"start":{"line":4,"column":17},"end":{"line":4,"column":20}},"4":{"start":{"line":5,"column":18},"end":{"line":5,"column":21}},"5":{"start":{"line":8,"column":4},"end":{"line":8,"column":null}},"6":{"start":{"line":9,"column":4},"end":{"line":9,"column":null}},"7":{"start":{"line":10,"column":4},"end":{"line":10,"column":null}},"8":{"start":{"line":11,"column":4},"end":{"line":11,"column":null}},"9":{"start":{"line":13,"column":4},"end":{"line":13,"column":null}},"10":{"start":{"line":17,"column":4},"end":{"line":17,"column":null}},"11":{"start":{"line":21,"column":4},"end":{"line":21,"column":null}},"12":{"start":{"line":25,"column":4},"end":{"line":25,"column":null}},"13":{"start":{"line":29,"column":4},"end":{"line":29,"column":null}},"14":{"start":{"line":33,"column":4},"end":{"line":35,"column":null}},"15":{"start":{"line":34,"column":6},"end":{"line":34,"column":null}},"16":{"start":{"line":36,"column":4},"end":{"line":38,"column":null}},"17":{"start":{"line":37,"column":6},"end":{"line":37,"column":null}},"18":{"start":{"line":39,"column":4},"end":{"line":41,"column":null}},"19":{"start":{"line":40,"column":6},"end":{"line":40,"column":null}},"20":{"start":{"line":42,"column":4},"end":{"line":44,"column":null}},"21":{"start":{"line":43,"column":6},"end":{"line":43,"column":null}},"22":{"start":{"line":48,"column":4},"end":{"line":48,"column":null}}},"fnMap":{"0":{"name":"(anonymous_1)","decl":{"start":{"line":7,"column":2},"end":{"line":7,"column":14}},"loc":{"start":{"line":7,"column":73},"end":{"line":14,"column":null}}},"1":{"name":"(anonymous_2)","decl":{"start":{"line":16,"column":2},"end":{"line":16,"column":6}},"loc":{"start":{"line":16,"column":23},"end":{"line":18,"column":null}}},"2":{"name":"(anonymous_3)","decl":{"start":{"line":20,"column":2},"end":{"line":20,"column":6}},"loc":{"start":{"line":20,"column":23},"end":{"line":22,"column":null}}},"3":{"name":"(anonymous_4)","decl":{"start":{"line":24,"column":2},"end":{"line":24,"column":6}},"loc":{"start":{"line":24,"column":20},"end":{"line":26,"column":null}}},"4":{"name":"(anonymous_5)","decl":{"start":{"line":28,"column":2},"end":{"line":28,"column":6}},"loc":{"start":{"line":28,"column":21},"end":{"line":30,"column":null}}},"5":{"name":"(anonymous_6)","decl":{"start":{"line":32,"column":2},"end":{"line":32,"column":13}},"loc":{"start":{"line":32,"column":13},"end":{"line":45,"column":null}}},"6":{"name":"(anonymous_7)","decl":{"start":{"line":47,"column":2},"end":{"line":47,"column":13}},"loc":{"start":{"line":47,"column":13},"end":{"line":49,"column":null}}}},"branchMap":{"0":{"loc":{"start":{"line":33,"column":4},"end":{"line":35,"column":null}},"type":"if","locations":[{"start":{"line":33,"column":4},"end":{"line":35,"column":null}}]},"1":{"loc":{"start":{"line":36,"column":4},"end":{"line":38,"column":null}},"type":"if","locations":[{"start":{"line":36,"column":4},"end":{"line":38,"column":null}}]},"2":{"loc":{"start":{"line":39,"column":4},"end":{"line":41,"column":null}},"type":"if","locations":[{"start":{"line":39,"column":4},"end":{"line":41,"column":null}}]},"3":{"loc":{"start":{"line":42,"column":4},"end":{"line":44,"column":null}},"type":"if","locations":[{"start":{"line":42,"column":4},"end":{"line":44,"column":null}}]}},"s":{"0":1,"1":1,"2":1,"3":1,"4":1,"5":1,"6":1,"7":1,"8":1,"9":1,"10":1,"11":1,"12":1,"13":1,"14":1,"15":0,"16":1,"17":0,"18":1,"19":0,"20":1,"21":0,"22":0},"f":{"0":1,"1":1,"2":1,"3":1,"4":1,"5":1,"6":0},"b":{"0":[0],"1":[0],"2":[0],"3":[0]}}
,"C:\\Users\\jonas\\Desktop\\fc-ddd-patterns\\src\\domain\\product\\entity\\product.ts": {"path":"C:\\Users\\jonas\\Desktop\\fc-ddd-patterns\\src\\domain\\product\\entity\\product.ts","statementMap":{"0":{"start":{"line":3,"column":21},"end":{"line":3,"column":null}},"1":{"start":{"line":9,"column":4},"end":{"line":9,"column":null}},"2":{"start":{"line":10,"column":4},"end":{"line":10,"column":null}},"3":{"start":{"line":11,"column":4},"end":{"line":11,"column":null}},"4":{"start":{"line":12,"column":4},"end":{"line":12,"column":null}},"5":{"start":{"line":16,"column":4},"end":{"line":16,"column":null}},"6":{"start":{"line":20,"column":4},"end":{"line":20,"column":null}},"7":{"start":{"line":24,"column":4},"end":{"line":24,"column":null}},"8":{"start":{"line":28,"column":4},"end":{"line":28,"column":null}},"9":{"start":{"line":29,"column":4},"end":{"line":29,"column":null}},"10":{"start":{"line":33,"column":4},"end":{"line":33,"column":null}},"11":{"start":{"line":34,"column":4},"end":{"line":34,"column":null}},"12":{"start":{"line":38,"column":4},"end":{"line":40,"column":null}},"13":{"start":{"line":39,"column":6},"end":{"line":39,"column":null}},"14":{"start":{"line":41,"column":4},"end":{"line":43,"column":null}},"15":{"start":{"line":42,"column":6},"end":{"line":42,"column":null}},"16":{"start":{"line":44,"column":4},"end":{"line":46,"column":null}},"17":{"start":{"line":45,"column":6},"end":{"line":45,"column":null}},"18":{"start":{"line":47,"column":4},"end":{"line":47,"column":null}}},"fnMap":{"0":{"name":"(anonymous_1)","decl":{"start":{"line":8,"column":2},"end":{"line":8,"column":14}},"loc":{"start":{"line":8,"column":55},"end":{"line":13,"column":null}}},"1":{"name":"(anonymous_2)","decl":{"start":{"line":15,"column":2},"end":{"line":15,"column":6}},"loc":{"start":{"line":15,"column":19},"end":{"line":17,"column":null}}},"2":{"name":"(anonymous_3)","decl":{"start":{"line":19,"column":2},"end":{"line":19,"column":6}},"loc":{"start":{"line":19,"column":21},"end":{"line":21,"column":null}}},"3":{"name":"(anonymous_4)","decl":{"start":{"line":23,"column":2},"end":{"line":23,"column":6}},"loc":{"start":{"line":23,"column":22},"end":{"line":25,"column":null}}},"4":{"name":"(anonymous_5)","decl":{"start":{"line":27,"column":2},"end":{"line":27,"column":13}},"loc":{"start":{"line":27,"column":33},"end":{"line":30,"column":null}}},"5":{"name":"(anonymous_6)","decl":{"start":{"line":32,"column":2},"end":{"line":32,"column":14}},"loc":{"start":{"line":32,"column":35},"end":{"line":35,"column":null}}},"6":{"name":"(anonymous_7)","decl":{"start":{"line":37,"column":2},"end":{"line":37,"column":22}},"loc":{"start":{"line":37,"column":22},"end":{"line":48,"column":null}}}},"branchMap":{"0":{"loc":{"start":{"line":38,"column":4},"end":{"line":40,"column":null}},"type":"if","locations":[{"start":{"line":38,"column":4},"end":{"line":40,"column":null}}]},"1":{"loc":{"start":{"line":41,"column":4},"end":{"line":43,"column":null}},"type":"if","locations":[{"start":{"line":41,"column":4},"end":{"line":43,"column":null}}]},"2":{"loc":{"start":{"line":44,"column":4},"end":{"line":46,"column":null}},"type":"if","locations":[{"start":{"line":44,"column":4},"end":{"line":46,"column":null}}]}},"s":{"0":3,"1":3,"2":3,"3":3,"4":3,"5":6,"6":3,"7":6,"8":0,"9":0,"10":0,"11":0,"12":3,"13":0,"14":3,"15":0,"16":3,"17":0,"18":3},"f":{"0":3,"1":6,"2":3,"3":6,"4":0,"5":0,"6":3},"b":{"0":[0],"1":[0],"2":[0]}}
,"C:\\Users\\jonas\\Desktop\\fc-ddd-patterns\\src\\infrastructure\\customer\\repository\\sequelize\\customer.model.ts": {"path":"C:\\Users\\jonas\\Desktop\\fc-ddd-patterns\\src\\infrastructure\\customer\\repository\\sequelize\\customer.model.ts","statementMap":{"0":{"start":{"line":12,"column":23},"end":{"line":12,"column":45}},"1":{"start":{"line":6,"column":9},"end":{"line":6,"column":null}}},"fnMap":{},"branchMap":{},"s":{"0":9,"1":1},"f":{},"b":{}}
,"C:\\Users\\jonas\\Desktop\\fc-ddd-patterns\\src\\infrastructure\\customer\\repository\\sequelize\\customer.repository.ts": {"path":"C:\\Users\\jonas\\Desktop\\fc-ddd-patterns\\src\\infrastructure\\customer\\repository\\sequelize\\customer.repository.ts","statementMap":{"0":{"start":{"line":6,"column":21},"end":{"line":6,"column":null}},"1":{"start":{"line":1,"column":21},"end":{"line":1,"column":null}},"2":{"start":{"line":2,"column":20},"end":{"line":2,"column":null}},"3":{"start":{"line":4,"column":26},"end":{"line":4,"column":null}},"4":{"start":{"line":8,"column":4},"end":{"line":17,"column":null}},"5":{"start":{"line":21,"column":4},"end":{"line":35,"column":null}},"6":{"start":{"line":41,"column":4},"end":{"line":50,"column":null}},"7":{"start":{"line":42,"column":6},"end":{"line":47,"column":null}},"8":{"start":{"line":49,"column":6},"end":{"line":49,"column":null}},"9":{"start":{"line":52,"column":21},"end":{"line":52,"column":null}},"10":{"start":{"line":53,"column":20},"end":{"line":57,"column":null}},"11":{"start":{"line":59,"column":4},"end":{"line":59,"column":null}},"12":{"start":{"line":60,"column":4},"end":{"line":60,"column":null}},"13":{"start":{"line":64,"column":27},"end":{"line":64,"column":null}},"14":{"start":{"line":66,"column":22},"end":{"line":80,"column":null}},"15":{"start":{"line":67,"column":21},"end":{"line":67,"column":null}},"16":{"start":{"line":68,"column":6},"end":{"line":68,"column":null}},"17":{"start":{"line":69,"column":22},"end":{"line":73,"column":null}},"18":{"start":{"line":75,"column":6},"end":{"line":75,"column":null}},"19":{"start":{"line":76,"column":6},"end":{"line":78,"column":null}},"20":{"start":{"line":77,"column":8},"end":{"line":77,"column":null}},"21":{"start":{"line":79,"column":6},"end":{"line":79,"column":null}},"22":{"start":{"line":82,"column":4},"end":{"line":82,"column":null}}},"fnMap":{"0":{"name":"(anonymous_2)","decl":{"start":{"line":7,"column":2},"end":{"line":7,"column":8}},"loc":{"start":{"line":7,"column":48},"end":{"line":18,"column":null}}},"1":{"name":"(anonymous_3)","decl":{"start":{"line":20,"column":2},"end":{"line":20,"column":8}},"loc":{"start":{"line":20,"column":48},"end":{"line":37,"column":null}}},"2":{"name":"(anonymous_4)","decl":{"start":{"line":39,"column":2},"end":{"line":39,"column":8}},"loc":{"start":{"line":39,"column":44},"end":{"line":61,"column":null}}},"3":{"name":"(anonymous_5)","decl":{"start":{"line":63,"column":2},"end":{"line":63,"column":8}},"loc":{"start":{"line":63,"column":39},"end":{"line":83,"column":null}}},"4":{"name":"(anonymous_6)","decl":{"start":{"line":66,"column":41},"end":{"line":66,"column":42}},"loc":{"start":{"line":66,"column":42},"end":{"line":80,"column":null}}}},"branchMap":{"0":{"loc":{"start":{"line":76,"column":6},"end":{"line":78,"column":null}},"type":"if","locations":[{"start":{"line":76,"column":6},"end":{"line":78,"column":null}}]}},"s":{"0":1,"1":1,"2":1,"3":1,"4":1,"5":0,"6":0,"7":0,"8":0,"9":0,"10":0,"11":0,"12":0,"13":0,"14":0,"15":0,"16":0,"17":0,"18":0,"19":0,"20":0,"21":0,"22":0},"f":{"0":1,"1":0,"2":0,"3":0,"4":0},"b":{"0":[0]}}
,"C:\\Users\\jonas\\Desktop\\fc-ddd-patterns\\src\\infrastructure\\order\\repository\\sequilize\\order-item.model.ts": {"path":"C:\\Users\\jonas\\Desktop\\fc-ddd-patterns\\src\\infrastructure\\order\\repository\\sequilize\\order-item.model.ts","statementMap":{"0":{"start":{"line":17,"column":21},"end":{"line":17,"column":44}},"1":{"start":{"line":8,"column":7},"end":{"line":8,"column":null}},"2":{"start":{"line":9,"column":25},"end":{"line":9,"column":null}},"3":{"start":{"line":10,"column":23},"end":{"line":10,"column":null}},"4":{"start":{"line":22,"column":20},"end":{"line":22,"column":32}},"5":{"start":{"line":26,"column":19},"end":{"line":26,"column":31}},"6":{"start":{"line":29,"column":20},"end":{"line":29,"column":30}},"7":{"start":{"line":33,"column":19},"end":{"line":33,"column":29}}},"fnMap":{"0":{"name":"(anonymous_4)","decl":{"start":{"line":22,"column":14},"end":{"line":22,"column":20}},"loc":{"start":{"line":22,"column":20},"end":{"line":22,"column":32}}},"1":{"name":"(anonymous_5)","decl":{"start":{"line":26,"column":13},"end":{"line":26,"column":19}},"loc":{"start":{"line":26,"column":19},"end":{"line":26,"column":31}}},"2":{"name":"(anonymous_6)","decl":{"start":{"line":29,"column":14},"end":{"line":29,"column":20}},"loc":{"start":{"line":29,"column":20},"end":{"line":29,"column":30}}},"3":{"name":"(anonymous_7)","decl":{"start":{"line":33,"column":13},"end":{"line":33,"column":19}},"loc":{"start":{"line":33,"column":19},"end":{"line":33,"column":29}}}},"branchMap":{"0":{"loc":{"start":{"line":27,"column":19},"end":{"line":27,"column":31}},"type":"cond-expr","locations":[{"start":{"line":27,"column":31},"end":{"line":27,"column":null}},{"start":{"line":27,"column":19},"end":{"line":27,"column":31}}]},"1":{"loc":{"start":{"line":34,"column":17},"end":{"line":34,"column":27}},"type":"cond-expr","locations":[{"start":{"line":34,"column":27},"end":{"line":34,"column":null}},{"start":{"line":34,"column":17},"end":{"line":34,"column":27}}]}},"s":{"0":6,"1":1,"2":1,"3":1,"4":5,"5":2,"6":2,"7":2},"f":{"0":5,"1":2,"2":2,"3":2},"b":{"0":[0,1],"1":[0,1]}}
,"C:\\Users\\jonas\\Desktop\\fc-ddd-patterns\\src\\infrastructure\\order\\repository\\sequilize\\order.model.ts": {"path":"C:\\Users\\jonas\\Desktop\\fc-ddd-patterns\\src\\infrastructure\\order\\repository\\sequilize\\order.model.ts","statementMap":{"0":{"start":{"line":17,"column":21},"end":{"line":17,"column":40}},"1":{"start":{"line":9,"column":7},"end":{"line":9,"column":null}},"2":{"start":{"line":10,"column":26},"end":{"line":10,"column":null}},"3":{"start":{"line":11,"column":27},"end":{"line":11,"column":null}},"4":{"start":{"line":22,"column":20},"end":{"line":22,"column":33}},"5":{"start":{"line":26,"column":19},"end":{"line":26,"column":32}},"6":{"start":{"line":29,"column":17},"end":{"line":29,"column":31}}},"fnMap":{"0":{"name":"(anonymous_4)","decl":{"start":{"line":22,"column":14},"end":{"line":22,"column":20}},"loc":{"start":{"line":22,"column":20},"end":{"line":22,"column":33}}},"1":{"name":"(anonymous_5)","decl":{"start":{"line":26,"column":13},"end":{"line":26,"column":19}},"loc":{"start":{"line":26,"column":19},"end":{"line":26,"column":32}}},"2":{"name":"(anonymous_6)","decl":{"start":{"line":29,"column":11},"end":{"line":29,"column":17}},"loc":{"start":{"line":29,"column":17},"end":{"line":29,"column":31}}}},"branchMap":{"0":{"loc":{"start":{"line":27,"column":20},"end":{"line":27,"column":33}},"type":"cond-expr","locations":[{"start":{"line":27,"column":33},"end":{"line":27,"column":null}},{"start":{"line":27,"column":20},"end":{"line":27,"column":33}}]}},"s":{"0":11,"1":1,"2":1,"3":1,"4":1,"5":3,"6":3},"f":{"0":1,"1":3,"2":3},"b":{"0":[0,1]}}
,"C:\\Users\\jonas\\Desktop\\fc-ddd-patterns\\src\\infrastructure\\order\\repository\\sequilize\\order.repository.ts": {"path":"C:\\Users\\jonas\\Desktop\\fc-ddd-patterns\\src\\infrastructure\\order\\repository\\sequilize\\order.repository.ts","statementMap":{"0":{"start":{"line":21,"column":21},"end":{"line":21,"column":null}},"1":{"start":{"line":1,"column":18},"end":{"line":1,"column":null}},"2":{"start":{"line":2,"column":22},"end":{"line":2,"column":null}},"3":{"start":{"line":3,"column":27},"end":{"line":3,"column":null}},"4":{"start":{"line":4,"column":23},"end":{"line":4,"column":null}},"5":{"start":{"line":7,"column":1},"end":{"line":13,"column":null}},"6":{"start":{"line":17,"column":1},"end":{"line":17,"column":null}},"7":{"start":{"line":23,"column":4},"end":{"line":38,"column":null}},"8":{"start":{"line":28,"column":43},"end":{"line":34,"column":null}},"9":{"start":{"line":42,"column":2},"end":{"line":59,"column":null}},"10":{"start":{"line":47,"column":43},"end":{"line":53,"column":null}},"11":{"start":{"line":67,"column":2},"end":{"line":75,"column":null}},"12":{"start":{"line":68,"column":3},"end":{"line":72,"column":null}},"13":{"start":{"line":74,"column":3},"end":{"line":74,"column":null}},"14":{"start":{"line":77,"column":16},"end":{"line":77,"column":null}},"15":{"start":{"line":78,"column":16},"end":{"line":78,"column":null}},"16":{"start":{"line":80,"column":2},"end":{"line":80,"column":null}},"17":{"start":{"line":84,"column":21},"end":{"line":84,"column":null}},"18":{"start":{"line":86,"column":17},"end":{"line":91,"column":null}},"19":{"start":{"line":87,"column":17},"end":{"line":87,"column":null}},"20":{"start":{"line":88,"column":17},"end":{"line":88,"column":null}},"21":{"start":{"line":90,"column":3},"end":{"line":90,"column":null}},"22":{"start":{"line":93,"column":2},"end":{"line":93,"column":null}}},"fnMap":{"0":{"name":"orderItemToDatabase","decl":{"start":{"line":6,"column":9},"end":{"line":6,"column":29}},"loc":{"start":{"line":6,"column":49},"end":{"line":14,"column":null}}},"1":{"name":"orderItemModelToOrderItem","decl":{"start":{"line":16,"column":9},"end":{"line":16,"column":35}},"loc":{"start":{"line":16,"column":65},"end":{"line":18,"column":null}}},"2":{"name":"(anonymous_4)","decl":{"start":{"line":22,"column":2},"end":{"line":22,"column":8}},"loc":{"start":{"line":22,"column":45},"end":{"line":40,"column":null}}},"3":{"name":"(anonymous_5)","decl":{"start":{"line":28,"column":32},"end":{"line":28,"column":33}},"loc":{"start":{"line":28,"column":43},"end":{"line":34,"column":null}}},"4":{"name":"(anonymous_6)","decl":{"start":{"line":41,"column":2},"end":{"line":41,"column":8}},"loc":{"start":{"line":41,"column":45},"end":{"line":62,"column":null}}},"5":{"name":"(anonymous_7)","decl":{"start":{"line":47,"column":32},"end":{"line":47,"column":33}},"loc":{"start":{"line":47,"column":43},"end":{"line":53,"column":null}}},"6":{"name":"(anonymous_8)","decl":{"start":{"line":64,"column":2},"end":{"line":64,"column":8}},"loc":{"start":{"line":64,"column":41},"end":{"line":81,"column":null}}},"7":{"name":"(anonymous_9)","decl":{"start":{"line":83,"column":2},"end":{"line":83,"column":8}},"loc":{"start":{"line":83,"column":36},"end":{"line":94,"column":null}}},"8":{"name":"(anonymous_10)","decl":{"start":{"line":86,"column":32},"end":{"line":86,"column":33}},"loc":{"start":{"line":86,"column":33},"end":{"line":91,"column":null}}}},"branchMap":{},"s":{"0":1,"1":1,"2":1,"3":1,"4":1,"5":0,"6":0,"7":1,"8":3,"9":1,"10":3,"11":0,"12":0,"13":0,"14":0,"15":0,"16":0,"17":0,"18":0,"19":0,"20":0,"21":0,"22":0},"f":{"0":0,"1":0,"2":1,"3":3,"4":1,"5":3,"6":0,"7":0,"8":0},"b":{}}
,"C:\\Users\\jonas\\Desktop\\fc-ddd-patterns\\src\\infrastructure\\product\\repository\\sequelize\\product.model.ts": {"path":"C:\\Users\\jonas\\Desktop\\fc-ddd-patterns\\src\\infrastructure\\product\\repository\\sequelize\\product.model.ts","statementMap":{"0":{"start":{"line":7,"column":21},"end":{"line":7,"column":42}},"1":{"start":{"line":1,"column":49},"end":{"line":1,"column":null}}},"fnMap":{},"branchMap":{},"s":{"0":14,"1":1},"f":{},"b":{}}
,"C:\\Users\\jonas\\Desktop\\fc-ddd-patterns\\src\\infrastructure\\product\\repository\\sequelize\\product.repository.ts": {"path":"C:\\Users\\jonas\\Desktop\\fc-ddd-patterns\\src\\infrastructure\\product\\repository\\sequelize\\product.repository.ts","statementMap":{"0":{"start":{"line":5,"column":21},"end":{"line":5,"column":null}},"1":{"start":{"line":1,"column":20},"end":{"line":1,"column":null}},"2":{"start":{"line":3,"column":25},"end":{"line":3,"column":null}},"3":{"start":{"line":7,"column":4},"end":{"line":11,"column":null}},"4":{"start":{"line":15,"column":4},"end":{"line":24,"column":null}},"5":{"start":{"line":29,"column":25},"end":{"line":29,"column":null}},"6":{"start":{"line":30,"column":4},"end":{"line":30,"column":null}},"7":{"start":{"line":34,"column":26},"end":{"line":34,"column":null}},"8":{"start":{"line":35,"column":4},"end":{"line":36,"column":null}},"9":{"start":{"line":36,"column":6},"end":{"line":36,"column":null}}},"fnMap":{"0":{"name":"(anonymous_2)","decl":{"start":{"line":6,"column":2},"end":{"line":6,"column":8}},"loc":{"start":{"line":6,"column":47},"end":{"line":12,"column":null}}},"1":{"name":"(anonymous_3)","decl":{"start":{"line":14,"column":2},"end":{"line":14,"column":8}},"loc":{"start":{"line":14,"column":47},"end":{"line":26,"column":null}}},"2":{"name":"(anonymous_4)","decl":{"start":{"line":28,"column":2},"end":{"line":28,"column":8}},"loc":{"start":{"line":28,"column":43},"end":{"line":31,"column":null}}},"3":{"name":"(anonymous_5)","decl":{"start":{"line":33,"column":2},"end":{"line":33,"column":8}},"loc":{"start":{"line":33,"column":38},"end":{"line":38,"column":null}}},"4":{"name":"(anonymous_6)","decl":{"start":{"line":35,"column":29},"end":{"line":35,"column":30}},"loc":{"start":{"line":36,"column":6},"end":{"line":36,"column":null}}}},"branchMap":{},"s":{"0":1,"1":1,"2":1,"3":3,"4":0,"5":0,"6":0,"7":0,"8":0,"9":0},"f":{"0":3,"1":0,"2":0,"3":0,"4":0},"b":{}}
}
