TN:
SF:src\domain\checkout\entity\order.ts
FN:8,(anonymous_1)
FN:16,(anonymous_2)
FN:20,(anonymous_3)
FN:24,(anonymous_4)
FN:28,(anonymous_5)
FN:34,(anonymous_6)
FN:45,(anonymous_7)
FN:52,(anonymous_8)
FN:53,(anonymous_9)
FNF:9
FNH:9
FNDA:8,(anonymous_1)
FNDA:13,(anonymous_2)
FNDA:6,(anonymous_3)
FNDA:6,(anonymous_4)
FNDA:1,(anonymous_5)
FNDA:8,(anonymous_6)
FNDA:9,(anonymous_7)
FNDA:15,(anonymous_8)
FNDA:19,(anonymous_9)
DA:2,8
DA:9,8
DA:10,8
DA:11,8
DA:12,8
DA:13,8
DA:17,13
DA:21,6
DA:25,6
DA:29,1
DA:30,1
DA:35,8
DA:36,0
DA:38,8
DA:39,0
DA:41,8
DA:42,0
DA:45,9
DA:46,0
DA:49,8
DA:53,19
LF:21
LH:17
BRDA:35,0,0,0
BRDA:38,1,0,0
BRDA:41,2,0,0
BRDA:45,3,0,0
BRF:4
BRH:0
end_of_record
TN:
SF:src\domain\checkout\entity\order_item.ts
FN:9,(anonymous_1)
FN:24,(anonymous_2)
FN:46,(anonymous_3)
FN:50,(anonymous_4)
FN:54,(anonymous_5)
FN:58,(anonymous_6)
FN:62,(anonymous_7)
FN:66,(anonymous_8)
FNF:8
FNH:8
FNDA:10,(anonymous_1)
FNDA:1,(anonymous_2)
FNDA:10,(anonymous_3)
FNDA:10,(anonymous_4)
FNDA:9,(anonymous_5)
FNDA:19,(anonymous_6)
FNDA:10,(anonymous_7)
FNDA:29,(anonymous_8)
DA:1,10
DA:16,10
DA:17,10
DA:18,10
DA:19,10
DA:20,10
DA:21,10
DA:25,1
DA:26,0
DA:29,1
DA:30,0
DA:33,1
DA:34,0
DA:37,1
DA:38,0
DA:41,1
DA:42,0
DA:47,10
DA:51,10
DA:55,9
DA:59,19
DA:63,10
DA:67,29
LF:23
LH:18
BRDA:25,0,0,0
BRDA:29,1,0,0
BRDA:33,2,0,0
BRDA:37,3,0,0
BRDA:41,4,0,0
BRF:5
BRH:0
end_of_record
TN:
SF:src\domain\customer\entity\customer.ts
FN:10,(anonymous_1)
FN:16,(anonymous_2)
FN:20,(anonymous_3)
FN:24,(anonymous_4)
FN:28,(anonymous_5)
FN:37,(anonymous_6)
FN:42,(anonymous_7)
FN:46,(anonymous_8)
FN:50,(anonymous_9)
FN:54,(anonymous_10)
FN:61,(anonymous_11)
FN:65,(anonymous_12)
FN:69,(anonymous_13)
FNF:13
FNH:8
FNDA:4,(anonymous_1)
FNDA:8,(anonymous_2)
FNDA:4,(anonymous_3)
FNDA:4,(anonymous_4)
FNDA:4,(anonymous_5)
FNDA:0,(anonymous_6)
FNDA:16,(anonymous_7)
FNDA:4,(anonymous_8)
FNDA:4,(anonymous_9)
FNDA:0,(anonymous_10)
FNDA:0,(anonymous_11)
FNDA:0,(anonymous_12)
FNDA:0,(anonymous_13)
DA:3,4
DA:5,4
DA:7,4
DA:8,4
DA:11,4
DA:12,4
DA:13,4
DA:17,8
DA:21,4
DA:25,4
DA:29,4
DA:30,0
DA:32,4
DA:33,0
DA:38,0
DA:39,0
DA:43,16
DA:47,4
DA:51,4
DA:55,0
DA:56,0
DA:58,0
DA:62,0
DA:66,0
DA:70,0
LF:25
LH:15
BRDA:29,0,0,0
BRDA:32,1,0,0
BRDA:55,2,0,0
BRF:3
BRH:0
end_of_record
TN:
SF:src\domain\customer\value-object\address.ts
FN:7,(anonymous_1)
FN:16,(anonymous_2)
FN:20,(anonymous_3)
FN:24,(anonymous_4)
FN:28,(anonymous_5)
FN:32,(anonymous_6)
FN:47,(anonymous_7)
FNF:7
FNH:6
FNDA:4,(anonymous_1)
FNDA:4,(anonymous_2)
FNDA:4,(anonymous_3)
FNDA:4,(anonymous_4)
FNDA:4,(anonymous_5)
FNDA:4,(anonymous_6)
FNDA:0,(anonymous_7)
DA:1,4
DA:2,4
DA:3,4
DA:4,4
DA:5,4
DA:8,4
DA:9,4
DA:10,4
DA:11,4
DA:13,4
DA:17,4
DA:21,4
DA:25,4
DA:29,4
DA:33,4
DA:34,0
DA:36,4
DA:37,0
DA:39,4
DA:40,0
DA:42,4
DA:43,0
DA:48,0
LF:23
LH:18
BRDA:33,0,0,0
BRDA:36,1,0,0
BRDA:39,2,0,0
BRDA:42,3,0,0
BRF:4
BRH:0
end_of_record
TN:
SF:src\domain\product\entity\product.ts
FN:8,(anonymous_1)
FN:15,(anonymous_2)
FN:19,(anonymous_3)
FN:23,(anonymous_4)
FN:27,(anonymous_5)
FN:32,(anonymous_6)
FN:37,(anonymous_7)
FNF:7
FNH:5
FNDA:6,(anonymous_1)
FNDA:13,(anonymous_2)
FNDA:10,(anonymous_3)
FNDA:13,(anonymous_4)
FNDA:0,(anonymous_5)
FNDA:0,(anonymous_6)
FNDA:6,(anonymous_7)
DA:3,6
DA:9,6
DA:10,6
DA:11,6
DA:12,6
DA:16,13
DA:20,10
DA:24,13
DA:28,0
DA:29,0
DA:33,0
DA:34,0
DA:38,6
DA:39,0
DA:41,6
DA:42,0
DA:44,6
DA:45,0
DA:47,6
LF:19
LH:12
BRDA:38,0,0,0
BRDA:41,1,0,0
BRDA:44,2,0,0
BRF:3
BRH:0
end_of_record
TN:
SF:src\infrastructure\customer\repository\sequelize\customer.model.ts
FNF:0
FNH:0
DA:6,1
DA:12,30
LF:2
LH:2
BRF:0
BRH:0
end_of_record
TN:
SF:src\infrastructure\customer\repository\sequelize\customer.repository.ts
FN:7,(anonymous_2)
FN:20,(anonymous_3)
FN:39,(anonymous_4)
FN:63,(anonymous_5)
FN:66,(anonymous_6)
FNF:5
FNH:1
FNDA:4,(anonymous_2)
FNDA:0,(anonymous_3)
FNDA:0,(anonymous_4)
FNDA:0,(anonymous_5)
FNDA:0,(anonymous_6)
DA:1,1
DA:2,1
DA:4,1
DA:6,4
DA:8,4
DA:21,0
DA:41,0
DA:42,0
DA:49,0
DA:52,0
DA:53,0
DA:59,0
DA:60,0
DA:64,0
DA:66,0
DA:67,0
DA:68,0
DA:69,0
DA:75,0
DA:76,0
DA:77,0
DA:79,0
DA:82,0
LF:23
LH:5
BRDA:76,0,0,0
BRF:1
BRH:0
end_of_record
TN:
SF:src\infrastructure\order\repository\sequilize\order-item.model.ts
FN:22,(anonymous_4)
FN:26,(anonymous_5)
FN:29,(anonymous_6)
FN:33,(anonymous_7)
FNF:4
FNH:4
FNDA:20,(anonymous_4)
FNDA:8,(anonymous_5)
FNDA:8,(anonymous_6)
FNDA:8,(anonymous_7)
DA:8,1
DA:9,1
DA:10,1
DA:17,29
DA:22,20
DA:26,8
DA:29,8
DA:33,8
LF:8
LH:8
BRDA:27,0,0,0
BRDA:27,0,1,1
BRDA:34,1,0,0
BRDA:34,1,1,1
BRF:4
BRH:2
end_of_record
TN:
SF:src\infrastructure\order\repository\sequilize\order.model.ts
FN:22,(anonymous_4)
FN:26,(anonymous_5)
FN:29,(anonymous_6)
FNF:3
FNH:3
FNDA:4,(anonymous_4)
FNDA:15,(anonymous_5)
FNDA:15,(anonymous_6)
DA:9,1
DA:10,1
DA:11,1
DA:17,34
DA:22,4
DA:26,15
DA:29,15
LF:7
LH:7
BRDA:27,0,0,0
BRDA:27,0,1,1
BRF:2
BRH:1
end_of_record
TN:
SF:src\infrastructure\order\repository\sequilize\order.repository.ts
FN:7,orderItemModelToOrderItem
FN:12,(anonymous_3)
FN:18,(anonymous_4)
FN:32,(anonymous_5)
FN:34,(anonymous_6)
FN:39,(anonymous_7)
FN:55,(anonymous_8)
FN:74,(anonymous_9)
FN:77,(anonymous_10)
FNF:9
FNH:9
FNDA:3,orderItemModelToOrderItem
FNDA:5,(anonymous_3)
FNDA:6,(anonymous_4)
FNDA:1,(anonymous_5)
FNDA:1,(anonymous_6)
FNDA:3,(anonymous_7)
FNDA:1,(anonymous_8)
FNDA:1,(anonymous_9)
FNDA:2,(anonymous_10)
DA:1,1
DA:2,1
DA:4,1
DA:5,1
DA:8,3
DA:11,4
DA:13,5
DA:18,6
DA:33,1
DA:34,1
DA:35,1
DA:39,3
DA:47,1
DA:48,1
DA:58,1
DA:59,1
DA:65,0
DA:68,1
DA:69,1
DA:71,1
DA:75,1
DA:77,1
DA:78,2
DA:79,2
DA:81,2
DA:84,1
LF:26
LH:25
BRF:0
BRH:0
end_of_record
TN:
SF:src\infrastructure\product\repository\sequelize\product.model.ts
FNF:0
FNH:0
DA:1,1
DA:7,41
LF:2
LH:2
BRF:0
BRH:0
end_of_record
TN:
SF:src\infrastructure\product\repository\sequelize\product.repository.ts
FN:6,(anonymous_2)
FN:14,(anonymous_3)
FN:28,(anonymous_4)
FN:33,(anonymous_5)
FN:35,(anonymous_6)
FNF:5
FNH:1
FNDA:6,(anonymous_2)
FNDA:0,(anonymous_3)
FNDA:0,(anonymous_4)
FNDA:0,(anonymous_5)
FNDA:0,(anonymous_6)
DA:1,1
DA:3,1
DA:5,4
DA:7,6
DA:15,0
DA:29,0
DA:30,0
DA:34,0
DA:35,0
DA:36,0
LF:10
LH:4
BRF:0
BRH:0
end_of_record
